<?xml version="1.0" encoding="UTF-8"?>
<!-- Generated by org.testng.reporters.JUnitXMLReporter -->
<testsuite hostname="Ashwani_Singh" failures="1" tests="2" name="Test2" time="137.618" errors="0" timestamp="22 Sep 2022 15:13:28 GMT">
  <testcase classname="Flipkart.com.Testcases.TestCase1" name="LoginFinctionality" time="21.618"/>
  <testcase classname="Flipkart.com.Testcases.TestCase1" name="LoginFinctionality" time="134.047">
    <failure type="java.lang.NullPointerException" message="Cannot invoke &amp;quot;com.aventstack.extentreports.ExtentTest.addScreenCaptureFromPath(String, String)&amp;quot; because the return value of &amp;quot;java.lang.ThreadLocal.get()&amp;quot; is null">
      <![CDATA[java.lang.NullPointerException: Cannot invoke "com.aventstack.extentreports.ExtentTest.addScreenCaptureFromPath(String, String)" because the return value of "java.lang.ThreadLocal.get()" is null
	at Flipkart.com.Listeners.Listeners.onTestSuccess(Listeners.java:60)
	at java.base/java.util.concurrent.FutureTask.run(FutureTask.java:264)
	at java.base/java.util.concurrent.ThreadPoolExecutor.runWorker(ThreadPoolExecutor.java:1136)
	at java.base/java.util.concurrent.ThreadPoolExecutor$Worker.run(ThreadPoolExecutor.java:635)
	at java.base/java.lang.Thread.run(Thread.java:833)
... Removed 13 stack frames]]>
    </failure>
  </testcase> <!-- LoginFinctionality -->
</testsuite> <!-- Test2 -->
