<?xml version="1.0" encoding="UTF-8"?>
<!-- Generated by org.testng.reporters.JUnitXMLReporter -->
<testsuite hostname="Ashwani_Singh" name="Test3" tests="2" failures="0" timestamp="22 Sep 2022 11:52:59 GMT" time="17.8" errors="0">
  <testcase name="@BeforeMethod initiateBrowser" time="0.0" classname="Flipkart.com.Testcases.TestCase2">
    <failure type="org.openqa.selenium.SessionNotCreatedException" message="session not created: This version of Microsoft Edge WebDriver only supports Microsoft Edge version 107
Current browser version is 105.0.1343.42 with binary path C:\Program Files (x86)\Microsoft\Edge\Application\msedge.exe
Build info: version: &amp;apos;3.10.0&amp;apos;, revision: &amp;apos;176b4a9&amp;apos;, time: &amp;apos;2018-03-02T19:03:16.397Z&amp;apos;
System info: host: &amp;apos;ASHWANI_SINGH&amp;apos;, ip: &amp;apos;192.168.136.1&amp;apos;, os.name: &amp;apos;Windows 8.1&amp;apos;, os.arch: &amp;apos;amd64&amp;apos;, os.version: &amp;apos;6.3&amp;apos;, java.version: &amp;apos;1.8.0_11&amp;apos;
Driver info: driver.version: EdgeDriver
remote stacktrace: Backtrace:
	Microsoft::Applications::Events::EventProperties::SetProperty [0x00007FF7FDD73CB2+12386]
	Microsoft::Applications::Events::EventProperty::EventProperty [0x00007FF7FDD1C772+1323714]
	Ordinal0 [0x00007FF7FD850ACE+658126]
	Ordinal0 [0x00007FF7FD881AE3+858851]
	Ordinal0 [0x00007FF7FD87D0B9+839865]
	Ordinal0 [0x00007FF7FD878078+819320]
	Ordinal0 [0x00007FF7FD8BB9A1+1096097]
	Ordinal0 [0x00007FF7FD8BAD48+1092936]
	Ordinal0 [0x00007FF7FD8B3BD3+1063891]
	Ordinal0 [0x00007FF7FD8842FA+869114]
	Ordinal0 [0x00007FF7FD88593F+874815]
	Microsoft::Applications::Events::EventProperty::EventProperty [0x00007FF7FDBF8308+126552]
	Microsoft::Applications::Events::EventProperty::EventProperty [0x00007FF7FDBE440D+44893]
	Microsoft::Applications::Events::EventProperty::EventProperty [0x00007FF7FDBE70BC+56332]
	Microsoft::Applications::Events::ILogManager::DispatchEventBroadcast [0x00007FF7FD9D6C24+56548]
	Microsoft::Applications::Events::EventProperty::EventProperty [0x00007FF7FDD21699+1343977]
	Microsoft::Applications::Events::EventProperty::EventProperty [0x00007FF7FDD25614+1360228]
	Microsoft::Applications::Events::EventProperty::EventProperty [0x00007FF7FDD2576D+1360573]
	Microsoft::Applications::Events::EventProperty::EventProperty [0x00007FF7FDD2C0F6+1387590]
	BaseThreadInitThunk [0x00007FF86A4D15DD+13]
	RtlUserThreadStart [0x00007FF86C9E43D1+29]
">
      <![CDATA[org.openqa.selenium.SessionNotCreatedException: session not created: This version of Microsoft Edge WebDriver only supports Microsoft Edge version 107
Current browser version is 105.0.1343.42 with binary path C:\Program Files (x86)\Microsoft\Edge\Application\msedge.exe
Build info: version: '3.10.0', revision: '176b4a9', time: '2018-03-02T19:03:16.397Z'
System info: host: 'ASHWANI_SINGH', ip: '192.168.136.1', os.name: 'Windows 8.1', os.arch: 'amd64', os.version: '6.3', java.version: '1.8.0_11'
Driver info: driver.version: EdgeDriver
remote stacktrace: Backtrace:
	Microsoft::Applications::Events::EventProperties::SetProperty [0x00007FF7FDD73CB2+12386]
	Microsoft::Applications::Events::EventProperty::EventProperty [0x00007FF7FDD1C772+1323714]
	Ordinal0 [0x00007FF7FD850ACE+658126]
	Ordinal0 [0x00007FF7FD881AE3+858851]
	Ordinal0 [0x00007FF7FD87D0B9+839865]
	Ordinal0 [0x00007FF7FD878078+819320]
	Ordinal0 [0x00007FF7FD8BB9A1+1096097]
	Ordinal0 [0x00007FF7FD8BAD48+1092936]
	Ordinal0 [0x00007FF7FD8B3BD3+1063891]
	Ordinal0 [0x00007FF7FD8842FA+869114]
	Ordinal0 [0x00007FF7FD88593F+874815]
	Microsoft::Applications::Events::EventProperty::EventProperty [0x00007FF7FDBF8308+126552]
	Microsoft::Applications::Events::EventProperty::EventProperty [0x00007FF7FDBE440D+44893]
	Microsoft::Applications::Events::EventProperty::EventProperty [0x00007FF7FDBE70BC+56332]
	Microsoft::Applications::Events::ILogManager::DispatchEventBroadcast [0x00007FF7FD9D6C24+56548]
	Microsoft::Applications::Events::EventProperty::EventProperty [0x00007FF7FDD21699+1343977]
	Microsoft::Applications::Events::EventProperty::EventProperty [0x00007FF7FDD25614+1360228]
	Microsoft::Applications::Events::EventProperty::EventProperty [0x00007FF7FDD2576D+1360573]
	Microsoft::Applications::Events::EventProperty::EventProperty [0x00007FF7FDD2C0F6+1387590]
	BaseThreadInitThunk [0x00007FF86A4D15DD+13]
	RtlUserThreadStart [0x00007FF86C9E43D1+29]

	at org.openqa.selenium.remote.W3CHandshakeResponse.lambda$new$0(W3CHandshakeResponse.java:57)
	at org.openqa.selenium.remote.W3CHandshakeResponse$$Lambda$136/630028734.apply(Unknown Source)
	at org.openqa.selenium.remote.W3CHandshakeResponse.lambda$getResponseFunction$2(W3CHandshakeResponse.java:104)
	at org.openqa.selenium.remote.W3CHandshakeResponse$$Lambda$138/1812823171.apply(Unknown Source)
	at org.openqa.selenium.remote.ProtocolHandshake.lambda$createSession$0(ProtocolHandshake.java:123)
	at org.openqa.selenium.remote.ProtocolHandshake$$Lambda$139/1499840045.apply(Unknown Source)
	at java.util.stream.ReferencePipeline$3$1.accept(ReferencePipeline.java:193)
	at java.util.Spliterators$ArraySpliterator.tryAdvance(Spliterators.java:958)
	at java.util.stream.ReferencePipeline.forEachWithCancel(ReferencePipeline.java:126)
	at java.util.stream.AbstractPipeline.copyIntoWithCancel(AbstractPipeline.java:529)
	at java.util.stream.AbstractPipeline.copyInto(AbstractPipeline.java:516)
	at java.util.stream.AbstractPipeline.wrapAndCopyInto(AbstractPipeline.java:502)
	at java.util.stream.FindOps$FindOp.evaluateSequential(FindOps.java:152)
	at java.util.stream.AbstractPipeline.evaluate(AbstractPipeline.java:234)
	at java.util.stream.ReferencePipeline.findFirst(ReferencePipeline.java:464)
	at org.openqa.selenium.remote.ProtocolHandshake.createSession(ProtocolHandshake.java:126)
	at org.openqa.selenium.remote.ProtocolHandshake.createSession(ProtocolHandshake.java:73)
	at org.openqa.selenium.remote.HttpCommandExecutor.execute(HttpCommandExecutor.java:138)
	at org.openqa.selenium.remote.service.DriverCommandExecutor.execute(DriverCommandExecutor.java:83)
	at org.openqa.selenium.remote.RemoteWebDriver.execute(RemoteWebDriver.java:601)
	at org.openqa.selenium.remote.RemoteWebDriver.startSession(RemoteWebDriver.java:219)
	at org.openqa.selenium.remote.RemoteWebDriver.<init>(RemoteWebDriver.java:142)
	at org.openqa.selenium.edge.EdgeDriver.<init>(EdgeDriver.java:141)
	at org.openqa.selenium.edge.EdgeDriver.<init>(EdgeDriver.java:96)
	at Flipkart.com.Testcases.BaseTest.invokeBrowser(BaseTest.java:61)
	at Flipkart.com.Testcases.TestCase2.initiateBrowser(TestCase2.java:59)
	at org.apache.maven.surefire.testng.TestNGExecutor.run(TestNGExecutor.java:324)
	at org.apache.maven.surefire.testng.TestNGXmlTestSuite.execute(TestNGXmlTestSuite.java:74)
	at org.apache.maven.surefire.testng.TestNGProvider.invoke(TestNGProvider.java:123)
	at org.apache.maven.surefire.booter.ForkedBooter.runSuitesInProcess(ForkedBooter.java:456)
	at org.apache.maven.surefire.booter.ForkedBooter.execute(ForkedBooter.java:169)
	at org.apache.maven.surefire.booter.ForkedBooter.run(ForkedBooter.java:595)
	at org.apache.maven.surefire.booter.ForkedBooter.main(ForkedBooter.java:581)
... Removed 27 stack frames]]>
    </failure>
  </testcase> <!-- @BeforeMethod initiateBrowser -->
  <testcase name="@BeforeMethod initiateBrowser" time="0.0" classname="Flipkart.com.Testcases.TestCase1">
    <failure type="org.openqa.selenium.SessionNotCreatedException" message="session not created: This version of Microsoft Edge WebDriver only supports Microsoft Edge version 107
Current browser version is 105.0.1343.42 with binary path C:\Program Files (x86)\Microsoft\Edge\Application\msedge.exe
Build info: version: &amp;apos;3.10.0&amp;apos;, revision: &amp;apos;176b4a9&amp;apos;, time: &amp;apos;2018-03-02T19:03:16.397Z&amp;apos;
System info: host: &amp;apos;ASHWANI_SINGH&amp;apos;, ip: &amp;apos;192.168.136.1&amp;apos;, os.name: &amp;apos;Windows 8.1&amp;apos;, os.arch: &amp;apos;amd64&amp;apos;, os.version: &amp;apos;6.3&amp;apos;, java.version: &amp;apos;1.8.0_11&amp;apos;
Driver info: driver.version: EdgeDriver
remote stacktrace: Backtrace:
	Microsoft::Applications::Events::EventProperties::SetProperty [0x00007FF7FDD73CB2+12386]
	Microsoft::Applications::Events::EventProperty::EventProperty [0x00007FF7FDD1C772+1323714]
	Ordinal0 [0x00007FF7FD850ACE+658126]
	Ordinal0 [0x00007FF7FD881AE3+858851]
	Ordinal0 [0x00007FF7FD87D0B9+839865]
	Ordinal0 [0x00007FF7FD878078+819320]
	Ordinal0 [0x00007FF7FD8BB9A1+1096097]
	Ordinal0 [0x00007FF7FD8BAD48+1092936]
	Ordinal0 [0x00007FF7FD8B3BD3+1063891]
	Ordinal0 [0x00007FF7FD8842FA+869114]
	Ordinal0 [0x00007FF7FD88593F+874815]
	Microsoft::Applications::Events::EventProperty::EventProperty [0x00007FF7FDBF8308+126552]
	Microsoft::Applications::Events::EventProperty::EventProperty [0x00007FF7FDBE440D+44893]
	Microsoft::Applications::Events::EventProperty::EventProperty [0x00007FF7FDBE70BC+56332]
	Microsoft::Applications::Events::ILogManager::DispatchEventBroadcast [0x00007FF7FD9D6C24+56548]
	Microsoft::Applications::Events::EventProperty::EventProperty [0x00007FF7FDD21699+1343977]
	Microsoft::Applications::Events::EventProperty::EventProperty [0x00007FF7FDD25614+1360228]
	Microsoft::Applications::Events::EventProperty::EventProperty [0x00007FF7FDD2576D+1360573]
	Microsoft::Applications::Events::EventProperty::EventProperty [0x00007FF7FDD2C0F6+1387590]
	BaseThreadInitThunk [0x00007FF86A4D15DD+13]
	RtlUserThreadStart [0x00007FF86C9E43D1+29]
">
      <![CDATA[org.openqa.selenium.SessionNotCreatedException: session not created: This version of Microsoft Edge WebDriver only supports Microsoft Edge version 107
Current browser version is 105.0.1343.42 with binary path C:\Program Files (x86)\Microsoft\Edge\Application\msedge.exe
Build info: version: '3.10.0', revision: '176b4a9', time: '2018-03-02T19:03:16.397Z'
System info: host: 'ASHWANI_SINGH', ip: '192.168.136.1', os.name: 'Windows 8.1', os.arch: 'amd64', os.version: '6.3', java.version: '1.8.0_11'
Driver info: driver.version: EdgeDriver
remote stacktrace: Backtrace:
	Microsoft::Applications::Events::EventProperties::SetProperty [0x00007FF7FDD73CB2+12386]
	Microsoft::Applications::Events::EventProperty::EventProperty [0x00007FF7FDD1C772+1323714]
	Ordinal0 [0x00007FF7FD850ACE+658126]
	Ordinal0 [0x00007FF7FD881AE3+858851]
	Ordinal0 [0x00007FF7FD87D0B9+839865]
	Ordinal0 [0x00007FF7FD878078+819320]
	Ordinal0 [0x00007FF7FD8BB9A1+1096097]
	Ordinal0 [0x00007FF7FD8BAD48+1092936]
	Ordinal0 [0x00007FF7FD8B3BD3+1063891]
	Ordinal0 [0x00007FF7FD8842FA+869114]
	Ordinal0 [0x00007FF7FD88593F+874815]
	Microsoft::Applications::Events::EventProperty::EventProperty [0x00007FF7FDBF8308+126552]
	Microsoft::Applications::Events::EventProperty::EventProperty [0x00007FF7FDBE440D+44893]
	Microsoft::Applications::Events::EventProperty::EventProperty [0x00007FF7FDBE70BC+56332]
	Microsoft::Applications::Events::ILogManager::DispatchEventBroadcast [0x00007FF7FD9D6C24+56548]
	Microsoft::Applications::Events::EventProperty::EventProperty [0x00007FF7FDD21699+1343977]
	Microsoft::Applications::Events::EventProperty::EventProperty [0x00007FF7FDD25614+1360228]
	Microsoft::Applications::Events::EventProperty::EventProperty [0x00007FF7FDD2576D+1360573]
	Microsoft::Applications::Events::EventProperty::EventProperty [0x00007FF7FDD2C0F6+1387590]
	BaseThreadInitThunk [0x00007FF86A4D15DD+13]
	RtlUserThreadStart [0x00007FF86C9E43D1+29]

	at org.openqa.selenium.remote.W3CHandshakeResponse.lambda$new$0(W3CHandshakeResponse.java:57)
	at org.openqa.selenium.remote.W3CHandshakeResponse$$Lambda$136/630028734.apply(Unknown Source)
	at org.openqa.selenium.remote.W3CHandshakeResponse.lambda$getResponseFunction$2(W3CHandshakeResponse.java:104)
	at org.openqa.selenium.remote.W3CHandshakeResponse$$Lambda$138/1812823171.apply(Unknown Source)
	at org.openqa.selenium.remote.ProtocolHandshake.lambda$createSession$0(ProtocolHandshake.java:123)
	at org.openqa.selenium.remote.ProtocolHandshake$$Lambda$139/1499840045.apply(Unknown Source)
	at java.util.stream.ReferencePipeline$3$1.accept(ReferencePipeline.java:193)
	at java.util.Spliterators$ArraySpliterator.tryAdvance(Spliterators.java:958)
	at java.util.stream.ReferencePipeline.forEachWithCancel(ReferencePipeline.java:126)
	at java.util.stream.AbstractPipeline.copyIntoWithCancel(AbstractPipeline.java:529)
	at java.util.stream.AbstractPipeline.copyInto(AbstractPipeline.java:516)
	at java.util.stream.AbstractPipeline.wrapAndCopyInto(AbstractPipeline.java:502)
	at java.util.stream.FindOps$FindOp.evaluateSequential(FindOps.java:152)
	at java.util.stream.AbstractPipeline.evaluate(AbstractPipeline.java:234)
	at java.util.stream.ReferencePipeline.findFirst(ReferencePipeline.java:464)
	at org.openqa.selenium.remote.ProtocolHandshake.createSession(ProtocolHandshake.java:126)
	at org.openqa.selenium.remote.ProtocolHandshake.createSession(ProtocolHandshake.java:73)
	at org.openqa.selenium.remote.HttpCommandExecutor.execute(HttpCommandExecutor.java:138)
	at org.openqa.selenium.remote.service.DriverCommandExecutor.execute(DriverCommandExecutor.java:83)
	at org.openqa.selenium.remote.RemoteWebDriver.execute(RemoteWebDriver.java:601)
	at org.openqa.selenium.remote.RemoteWebDriver.startSession(RemoteWebDriver.java:219)
	at org.openqa.selenium.remote.RemoteWebDriver.<init>(RemoteWebDriver.java:142)
	at org.openqa.selenium.edge.EdgeDriver.<init>(EdgeDriver.java:141)
	at org.openqa.selenium.edge.EdgeDriver.<init>(EdgeDriver.java:96)
	at Flipkart.com.Testcases.BaseTest.invokeBrowser(BaseTest.java:61)
	at Flipkart.com.Testcases.TestCase1.initiateBrowser(TestCase1.java:86)
	at org.apache.maven.surefire.testng.TestNGExecutor.run(TestNGExecutor.java:324)
	at org.apache.maven.surefire.testng.TestNGXmlTestSuite.execute(TestNGXmlTestSuite.java:74)
	at org.apache.maven.surefire.testng.TestNGProvider.invoke(TestNGProvider.java:123)
	at org.apache.maven.surefire.booter.ForkedBooter.runSuitesInProcess(ForkedBooter.java:456)
	at org.apache.maven.surefire.booter.ForkedBooter.execute(ForkedBooter.java:169)
	at org.apache.maven.surefire.booter.ForkedBooter.run(ForkedBooter.java:595)
	at org.apache.maven.surefire.booter.ForkedBooter.main(ForkedBooter.java:581)
... Removed 27 stack frames]]>
    </failure>
  </testcase> <!-- @BeforeMethod initiateBrowser -->
  <testcase name="AddCart" time="0.384" classname="Flipkart.com.Testcases.TestCase2">
    <skipped/>
  </testcase> <!-- AddCart -->
  <testcase name="LoginFinctionality" time="0.0" classname="Flipkart.com.Testcases.TestCase1">
    <skipped/>
  </testcase> <!-- LoginFinctionality -->
</testsuite> <!-- Test3 -->
